2019-05-05 18:23:25,156 - root - log.py [log:40] - INFO - Start a new browser: Chrome, Spend 2.4200005531311035 seconds    
2019-05-05 18:23:25,690 - root - log.py [log:40] - INFO - open the url  https://www.baidu.com    
2019-05-05 18:23:25,691 - root - log.py [log:40] - INFO - ---------------Start to perform---------------    
2019-05-05 18:23:26,823 - root - log.py [log:40] - INFO - Maximizing the Windows    
2019-05-05 18:23:26,825 - root - log.py [log:40] - INFO - Is using -> “id” Positioning elements -> “kw”    
2019-05-05 18:23:26,844 - root - log.py [log:40] - INFO - “id” -> “kw”,  Positioning success    
2019-05-05 18:23:27,000 - root - log.py [log:40] - INFO - Is using -> “id” Positioning elements -> “su”    
2019-05-05 18:23:27,016 - root - log.py [log:40] - INFO - “id” -> “su”,  Positioning success    
2019-05-05 18:23:30,196 - root - log.py [log:46] - ERROR - The url is inconsistent with the title    
2019-05-05 18:23:30,197 - root - log.py [log:40] - INFO - ---------------Perform the end---------------    
2019-05-05 18:23:30,588 - root - log.py [log:40] - INFO - ---------------Start to perform---------------    
2019-05-05 18:23:30,591 - root - log.py [log:40] - INFO - Maximizing the Windows    
2019-05-05 18:23:30,592 - root - log.py [log:40] - INFO - Is using -> “id” Positioning elements -> “kw”    
2019-05-05 18:23:30,602 - root - log.py [log:40] - INFO - “id” -> “kw”,  Positioning success    
2019-05-05 18:23:30,683 - root - log.py [log:40] - INFO - Is using -> “id” Positioning elements -> “su”    
2019-05-05 18:23:30,694 - root - log.py [log:40] - INFO - “id” -> “su”,  Positioning success    
2019-05-05 18:23:30,750 - root - log.py [log:40] - INFO - ---------------Perform the end---------------    
2019-05-05 18:23:30,751 - root - log.py [log:40] - INFO - ---------------Start to perform---------------    
2019-05-05 18:23:30,754 - root - log.py [log:40] - INFO - Maximizing the Windows    
2019-05-05 18:23:30,756 - root - log.py [log:40] - INFO - Is using -> “id” Positioning elements -> “kw”    
2019-05-05 18:23:30,765 - root - log.py [log:40] - INFO - “id” -> “kw”,  Positioning success    
2019-05-05 18:23:30,841 - root - log.py [log:40] - INFO - Is using -> “id” Positioning elements -> “su”    
2019-05-05 18:23:30,850 - root - log.py [log:40] - INFO - “id” -> “su”,  Positioning success    
2019-05-05 18:23:30,896 - root - log.py [log:40] - INFO - ---------------Perform the end---------------    
2019-05-05 18:23:33,990 - root - log.py [log:40] - INFO - The browser si closesing    
